<?xml version="1.0" encoding="UTF-8"?>
<testng-results ignored="1" total="4" passed="3" failed="0" skipped="0">
  <reporter-output>
  </reporter-output>
  <suite started-at="2021-06-26T15:33:24 IST" name="Default suite" finished-at="2021-06-26T15:33:24 IST" duration-ms="34">
    <groups>
    </groups>
    <test started-at="2021-06-26T15:33:24 IST" name="Default test" finished-at="2021-06-26T15:33:24 IST" duration-ms="34">
      <class name="Test1">
        <test-method signature="m1(java.lang.String,java.lang.String)[pri:1, instance:Test1@4de4b452]" started-at="2021-06-26T15:33:24 IST" name="m1" data-provider="asd" finished-at="2021-06-26T15:33:24 IST" duration-ms="5" status="PASS">
          <params>
            <param index="0">
              <value>
                <![CDATA[32]]>
              </value>
            </param>
            <param index="1">
              <value>
                <![CDATA[23]]>
              </value>
            </param>
          </params>
          <reporter-output>
          </reporter-output>
        </test-method> <!-- m1 -->
        <test-method signature="m1(java.lang.String,java.lang.String)[pri:1, instance:Test1@4de4b452]" started-at="2021-06-26T15:33:24 IST" name="m1" data-provider="asd" finished-at="2021-06-26T15:33:24 IST" duration-ms="1" status="PASS">
          <params>
            <param index="0">
              <value>
                <![CDATA[dsf]]>
              </value>
            </param>
            <param index="1">
              <value>
                <![CDATA[sdf]]>
              </value>
            </param>
          </params>
          <reporter-output>
          </reporter-output>
        </test-method> <!-- m1 -->
        <test-method signature="m()[pri:2, instance:Test1@4de4b452]" started-at="2021-06-26T15:33:24 IST" name="m" finished-at="2021-06-26T15:33:24 IST" depends-on-methods="Test1.m1" duration-ms="1" status="PASS">
          <reporter-output>
          </reporter-output>
        </test-method> <!-- m -->
      </class> <!-- Test1 -->
    </test> <!-- Default test -->
  </suite> <!-- Default suite -->
</testng-results>
