<?xml version="1.0" encoding="UTF-8"?>
<!-- Generated by org.testng.reporters.JUnitXMLReporter -->
<testsuite ignored="1" hostname="DESKTOP-L8T6TVJ" failures="0" tests="3" name="Default test" time="0.034" errors="0" timestamp="2021-06-26T15:33:24 IST">
  <testcase classname="Test1" name="m1" time="0.005"/>
  <testcase classname="Test1" name="m1" time="0.001"/>
  <testcase classname="Test1" name="m" time="0.001"/>
  <testcase classname="Test1" name="m0" time="0.0">
    <ignored/>
  </testcase> <!-- m0 -->
</testsuite> <!-- Default test -->
